<?xml version="1.0" encoding="UTF-8"?>
<!-- Generated by org.testng.reporters.JUnitXMLReporter -->
<testsuite ignored="2" hostname="LAPTOP-EPHGUT5M" failures="0" tests="2" name="chrome" time="5.261" errors="0" timestamp="2022-09-30T13:36:57 IST">
  <testcase classname="Framework_INCLUDEEXCLUDE.ParallelExicution" name="chromebrowser" time="2.067"/>
  <testcase classname="Framework_INCLUDEEXCLUDE.ParallelExicution" name="closeing" time="3.158"/>
  <testcase classname="Framework_INCLUDEEXCLUDE.ParallelExicution" name="edgebrowser" time="0.0">
    <ignored/>
  </testcase> <!-- edgebrowser -->
  <testcase classname="Framework_INCLUDEEXCLUDE.ParallelExicution" name="firefoxbrowser" time="0.0">
    <ignored/>
  </testcase> <!-- firefoxbrowser -->
</testsuite> <!-- chrome -->
