<?xml version="1.0" encoding="UTF-8"?>
<!-- Generated by org.testng.reporters.JUnitXMLReporter -->
<testsuite ignored="2" hostname="LAPTOP-EPHGUT5M" failures="0" tests="2" name="edge" time="6.626" errors="0" timestamp="2022-09-30T13:37:04 IST">
  <testcase classname="Framework_INCLUDEEXCLUDE.ParallelExicution" name="edgebrowser" time="3.443"/>
  <testcase classname="Framework_INCLUDEEXCLUDE.ParallelExicution" name="closeing" time="3.174"/>
  <testcase classname="Framework_INCLUDEEXCLUDE.ParallelExicution" name="chromebrowser" time="0.0">
    <ignored/>
  </testcase> <!-- chromebrowser -->
  <testcase classname="Framework_INCLUDEEXCLUDE.ParallelExicution" name="firefoxbrowser" time="0.0">
    <ignored/>
  </testcase> <!-- firefoxbrowser -->
</testsuite> <!-- edge -->
