<?xml version="1.0" encoding="UTF-8"?>
<!-- Generated by org.testng.reporters.JUnitXMLReporter -->
<testsuite ignored="2" hostname="LAPTOP-EPHGUT5M" failures="0" tests="2" name="Firefox" time="11.745" errors="0" timestamp="2022-09-30T11:27:32 IST">
  <testcase classname="Framework_INCLUDEEXCLUDE.ParallelExicution" name="firefoxbrowser" time="7.928"/>
  <testcase classname="Framework_INCLUDEEXCLUDE.ParallelExicution" name="closeing" time="3.771"/>
  <testcase classname="Framework_INCLUDEEXCLUDE.ParallelExicution" name="chromebrowser" time="0.0">
    <ignored/>
  </testcase> <!-- chromebrowser -->
  <testcase classname="Framework_INCLUDEEXCLUDE.ParallelExicution" name="edgebrowser" time="0.0">
    <ignored/>
  </testcase> <!-- edgebrowser -->
</testsuite> <!-- Firefox -->
