<?xml version="1.0" encoding="UTF-8"?>
<!-- Generated by org.testng.reporters.JUnitXMLReporter -->
<testsuite ignored="2" hostname="LAPTOP-EPHGUT5M" failures="0" tests="2" name="Test" time="5.088" errors="0" timestamp="2022-09-30T13:32:52 IST">
  <testcase classname="Framework_INCLUDEEXCLUDE.ParallelExicution" name="chromebrowser" time="1.907"/>
  <testcase classname="Framework_INCLUDEEXCLUDE.ParallelExicution" name="closeing" time="3.136"/>
  <testcase classname="Framework_INCLUDEEXCLUDE.ParallelExicution" name="edgebrowser" time="0.0">
    <ignored/>
  </testcase> <!-- edgebrowser -->
  <testcase classname="Framework_INCLUDEEXCLUDE.ParallelExicution" name="firefoxbrowser" time="0.0">
    <ignored/>
  </testcase> <!-- firefoxbrowser -->
</testsuite> <!-- Test -->
