<?xml version="1.0" encoding="UTF-8"?>
<!-- Generated by org.testng.reporters.JUnitXMLReporter -->
<testsuite ignored="3" hostname="LAPTOP-EPHGUT5M" failures="1" tests="1" name="Default test(failed)" time="0.056" errors="0" timestamp="2022-10-13T19:10:39 IST">
  <testcase classname="Framework_INCLUDEEXCLUDE.ParallelExicution" name="UrLlaunchn" time="0.015">
    <failure type="java.lang.NullPointerException" message="Cannot invoke &amp;quot;org.openqa.selenium.WebDriver.get(String)&amp;quot; because &amp;quot;Framework_INCLUDEEXCLUDE.ParallelExicution.driver&amp;quot; is null">
      <![CDATA[java.lang.NullPointerException: Cannot invoke "org.openqa.selenium.WebDriver.get(String)" because "Framework_INCLUDEEXCLUDE.ParallelExicution.driver" is null
at Framework_INCLUDEEXCLUDE.ParallelExicution.UrLlaunchn(ParallelExicution.java:44)
at java.base/java.util.ArrayList.forEach(ArrayList.java:1511)
... Removed 25 stack frames]]>
    </failure>
  </testcase> <!-- UrLlaunchn -->
  <testcase classname="Framework_INCLUDEEXCLUDE.ParallelExicution" name="chromebrowser" time="0.0">
    <ignored/>
  </testcase> <!-- chromebrowser -->
  <testcase classname="Framework_INCLUDEEXCLUDE.ParallelExicution" name="firefoxbrowser" time="0.0">
    <ignored/>
  </testcase> <!-- firefoxbrowser -->
  <testcase classname="Framework_INCLUDEEXCLUDE.ParallelExicution" name="edgebrowser" time="0.0">
    <ignored/>
  </testcase> <!-- edgebrowser -->
</testsuite> <!-- Default test(failed) -->
