<?xml version="1.0" encoding="UTF-8"?>
<!-- Generated by org.testng.reporters.JUnitXMLReporter -->
<testsuite ignored="2" hostname="LAPTOP-EPHGUT5M" failures="0" tests="2" name="chrome" time="104.63" errors="0" timestamp="2022-10-13T20:52:53 IST">
  <testcase classname="Framework_INCLUDEEXCLUDE.ParallelExicution" name="chromebrowser" time="7.56"/>
  <testcase classname="Framework_INCLUDEEXCLUDE.ParallelExicution" name="UrLlaunchn" time="97.021"/>
  <testcase classname="Framework_INCLUDEEXCLUDE.ParallelExicution" name="edgebrowser" time="0.0">
    <ignored/>
  </testcase> <!-- edgebrowser -->
  <testcase classname="Framework_INCLUDEEXCLUDE.ParallelExicution" name="firefoxbrowser" time="0.0">
    <ignored/>
  </testcase> <!-- firefoxbrowser -->
</testsuite> <!-- chrome -->
