<?xml version="1.0" encoding="UTF-8"?>
<!-- Generated by org.testng.reporters.JUnitXMLReporter -->
<testsuite ignored="2" hostname="LAPTOP-EPHGUT5M" failures="0" tests="2" name="edge" time="122.458" errors="0" timestamp="2022-10-13T20:53:10 IST">
  <testcase classname="Framework_INCLUDEEXCLUDE.ParallelExicution" name="edgebrowser" time="9.86"/>
  <testcase classname="Framework_INCLUDEEXCLUDE.ParallelExicution" name="UrLlaunchn" time="112.557"/>
  <testcase classname="Framework_INCLUDEEXCLUDE.ParallelExicution" name="chromebrowser" time="0.0">
    <ignored/>
  </testcase> <!-- chromebrowser -->
  <testcase classname="Framework_INCLUDEEXCLUDE.ParallelExicution" name="firefoxbrowser" time="0.0">
    <ignored/>
  </testcase> <!-- firefoxbrowser -->
</testsuite> <!-- edge -->
