<?xml version="1.0" encoding="UTF-8"?>
<!-- Generated by org.testng.reporters.JUnitXMLReporter -->
<testsuite ignored="2" hostname="LAPTOP-EPHGUT5M" failures="0" tests="2" name="firefox" time="102.532" errors="0" timestamp="2022-10-13T20:52:50 IST">
  <testcase classname="Framework_INCLUDEEXCLUDE.ParallelExicution" name="firefoxbrowser" time="12.171"/>
  <testcase classname="Framework_INCLUDEEXCLUDE.ParallelExicution" name="UrLlaunchn" time="90.308"/>
  <testcase classname="Framework_INCLUDEEXCLUDE.ParallelExicution" name="chromebrowser" time="0.0">
    <ignored/>
  </testcase> <!-- chromebrowser -->
  <testcase classname="Framework_INCLUDEEXCLUDE.ParallelExicution" name="edgebrowser" time="0.0">
    <ignored/>
  </testcase> <!-- edgebrowser -->
</testsuite> <!-- firefox -->
