<?xml version="1.0" encoding="UTF-8"?>
<!-- Generated by org.testng.reporters.JUnitXMLReporter -->
<testsuite ignored="0" hostname="LAPTOP-EPHGUT5M" failures="0" tests="5" name="Test" time="0.085" errors="0" timestamp="2022-10-11T15:11:18 IST">
  <testcase classname="Framework_INCLUDEEXCLUDE.Groupes" name="Auto" time="0.014"/>
  <testcase classname="Framework_INCLUDEEXCLUDE.Groupes" name="login" time="0.002"/>
  <testcase classname="Framework_INCLUDEEXCLUDE.Groupes" name="IT" time="0.003"/>
  <testcase classname="Framework_INCLUDEEXCLUDE.Groupes" name="PHARMA" time="0.001"/>
  <testcase classname="Framework_INCLUDEEXCLUDE.Groupes" name="BANK" time="0.002"/>
</testsuite> <!-- Test -->
