<?xml version="1.0" encoding="UTF-8"?>
<!-- Generated by org.testng.reporters.JUnitXMLReporter -->
<testsuite ignored="0" hostname="LAPTOP-EPHGUT5M" failures="1" tests="1" name="Test(failed)" time="0.037" errors="0" timestamp="2022-10-08T12:33:13 IST">
  <testcase classname="Framework_Compatibility.compatibilitys" name="browserlaunch" time="0.0">
    <failure type="org.testng.TestNGException" message="
Cannot inject @Test annotated Method [browserlaunch] with [class java.lang.String].
For more information on native dependency injection please refer to https://testng.org/doc/documentation-main.html#native-dependency-injection">
      <![CDATA[org.testng.TestNGException: 
Cannot inject @Test annotated Method [browserlaunch] with [class java.lang.String].
For more information on native dependency injection please refer to https://testng.org/doc/documentation-main.html#native-dependency-injection
at java.base/java.util.ArrayList.forEach(ArrayList.java:1511)
... Removed 26 stack frames]]>
    </failure>
  </testcase> <!-- browserlaunch -->
</testsuite> <!-- Test(failed) -->
