<?xml version="1.0" encoding="UTF-8"?>
<testng-results ignored="0" total="1" passed="1" failed="0" skipped="0">
  <reporter-output>
  </reporter-output>
  <suite started-at="2022-10-07T10:16:01 IST" name="Suite" finished-at="2022-10-07T10:16:48 IST" duration-ms="46126">
    <groups>
    </groups>
    <test started-at="2022-10-07T10:16:01 IST" name="Test" finished-at="2022-10-07T10:16:48 IST" duration-ms="46126">
      <class name="com.nopcom.QA.Login.TestLogin">
        <test-method signature="loginpage()[pri:0, instance:com.nopcom.QA.Login.TestLogin@41fbdac4]" started-at="2022-10-07T10:16:02 IST" name="loginpage" finished-at="2022-10-07T10:16:48 IST" duration-ms="46075" status="PASS">
          <reporter-output>
          </reporter-output>
        </test-method> <!-- loginpage -->
      </class> <!-- com.nopcom.QA.Login.TestLogin -->
    </test> <!-- Test -->
  </suite> <!-- Suite -->
</testng-results>
