<?xml version="1.0" encoding="UTF-8"?>
<testng-results ignored="0" total="1" passed="1" failed="0" skipped="0">
  <reporter-output>
  </reporter-output>
  <suite started-at="2022-10-16T07:08:12 IST" name="Default suite" finished-at="2022-10-16T07:08:22 IST" duration-ms="10464">
    <groups>
    </groups>
    <test started-at="2022-10-16T07:08:12 IST" name="Default test" finished-at="2022-10-16T07:08:22 IST" duration-ms="10464">
      <class name="Dummy.Testclass">
        <test-method signature="brouseropen()[pri:0, instance:Dummy.Testclass@6e4784bc]" started-at="2022-10-16T07:08:12 IST" name="brouseropen" finished-at="2022-10-16T07:08:22 IST" duration-ms="10424" status="PASS">
          <reporter-output>
          </reporter-output>
        </test-method> <!-- brouseropen -->
      </class> <!-- Dummy.Testclass -->
    </test> <!-- Default test -->
  </suite> <!-- Default suite -->
</testng-results>
